2025-09-12 16:40:57 +0000 [MT] Initial pipeline context: <IDEDistributionProcessingPipelineContext: 0x11025c520; archive(resolved)="<IDEArchive: 0x600002668380>", distributionTask(resolved)="2", distributionDestination(resolved)="1", distributionMethod(resolved)="<IDEDistributionMethodiOSAppStoreDistribution: 0x600000fb2e70>", team(resolved)="<IDEProvisioningBasicTeam: 0x600000c6f3e0; teamID='67ZL68PX9A', teamName='(null)'>">
	Chain (15, self inclusive):
	<IDEDistributionProcessingPipelineContext: 0x11025c520; archive = "<IDEArchive: 0x600002668380>", distributionMethod="<IDEDistributionMethodiOSAppStoreDistribution: 0x600000fb2e70>", team="<IDEProvisioningBasicTeam: 0x600000c6f3e0; teamID='67ZL68PX9A', teamName='(null)'>">
	<IDEDistributionProcessingPipelineContext: 0x11025c290; archive = "<IDEArchive: 0x600002668380>", distributionMethod="<IDEDistributionMethodiOSAppStoreDistribution: 0x600000fb2e70>", team="<IDEProvisioningBasicTeam: 0x600000c6f3e0; teamID='67ZL68PX9A', teamName='(null)'>">
	<IDEDistributionContext: 0x11025c080; archive = "<IDEArchive: 0x600002668380>", distributionMethod="<IDEDistributionMethodiOSAppStoreDistribution: 0x600000fb2e70>", team="<IDEProvisioningBasicTeam: 0x600000c6f3e0; teamID='67ZL68PX9A', teamName='(null)'>">
	<IDEDistributionContext: 0x1102531f0; archive = "<IDEArchive: 0x600002668380>", distributionMethod="<IDEDistributionMethodiOSAppStoreDistribution: 0x600000fb2e70>", team="<IDEProvisioningBasicTeam: 0x600000c6f3e0; teamID='67ZL68PX9A', teamName='(null)'>">
	<IDEDistributionContext: 0x1102330e0; archive = "<IDEArchive: 0x600002668380>", distributionMethod="<IDEDistributionMethodiOSAppStoreDistribution: 0x600000fb2e70>", team="<IDEProvisioningBasicTeam: 0x600000c6f3e0; teamID='67ZL68PX9A', teamName='(null)'>">
	<IDEDistributionContext: 0x11024a080; archive = "<IDEArchive: 0x600002668380>", distributionMethod="<IDEDistributionMethodiOSAppStoreDistribution: 0x600000fb2e70>", team="<IDEProvisioningBasicTeam: 0x600000c6f3e0; teamID='67ZL68PX9A', teamName='(null)'>">
	<IDEDistributionContext: 0x11022dce0; archive = "<IDEArchive: 0x600002668380>", distributionMethod="<IDEDistributionMethodiOSAppStoreDistribution: 0x600000fb2e70>", team="<IDEProvisioningBasicTeam: 0x600000c6f3e0; teamID='67ZL68PX9A', teamName='(null)'>">
	<IDEDistributionContext: 0x130e2eb60; archive = "<IDEArchive: 0x600002668380>", distributionMethod="<IDEDistributionMethodiOSAppStoreDistribution: 0x600000fb2e70>", team="<IDEProvisioningBasicTeam: 0x600000c6f3e0; teamID='67ZL68PX9A', teamName='(null)'>">
	<IDEDistributionContext: 0x11024bac0; archive = "<IDEArchive: 0x600002668380>", distributionMethod="<IDEDistributionMethodiOSAppStoreDistribution: 0x600000fb2e70>", team="<IDEProvisioningBasicTeam: 0x600000c6f3e0; teamID='67ZL68PX9A', teamName='(null)'>">
	<IDEDistributionContext: 0x110245110; archive = "<IDEArchive: 0x600002668380>", distributionMethod="<IDEDistributionMethodiOSAppStoreDistribution: 0x600000fb2e70>", team="<IDEProvisioningBasicTeam: 0x600000c6f3e0; teamID='67ZL68PX9A', teamName='(null)'>">
	<IDEDistributionContext: 0x1102215d0; archive = "<IDEArchive: 0x600002668380>", distributionMethod="<IDEDistributionMethodiOSAppStoreDistribution: 0x600000fb2e70>", team="<IDEProvisioningBasicTeam: 0x600000c6f3e0; teamID='67ZL68PX9A', teamName='(null)'>">
	<IDEDistributionContext: 0x110228960; archive = "<IDEArchive: 0x600002668380>", distributionMethod="<IDEDistributionMethodiOSAppStoreDistribution: 0x600000fb2e70>", team="<IDEProvisioningBasicTeam: 0x600000c6f3e0; teamID='67ZL68PX9A', teamName='(null)'>">
	<IDEDistributionContext: 0x110235ad0; archive = "<IDEArchive: 0x600002668380>", distributionMethod="<IDEDistributionMethodiOSAppStoreDistribution: 0x600000fb2e70>", team="(null)">
	<IDEDistributionContext: 0x130f29150; archive = "<IDEArchive: 0x600002668380>", distributionMethod="<IDEDistributionMethodiOSAppStoreDistribution: 0x600000fb2e70>", team="(null)">
	<IDEDistributionContext: 0x130ec08e0; archive = "<IDEArchive: 0x600002668380>", distributionMethod="(null)", team="(null)">
</IDEDistributionProcessingPipelineContext: 0x11025c520>
2025-09-12 16:40:57 +0000 [MT] Processing step: IDEDistributionCreateDestRootStep
2025-09-12 16:40:57 +0000 [MT] Processing step: IDEDistributionCopyItemStep
2025-09-12 16:40:57 +0000 [MT] Running /usr/bin/ditto '-V' '/Users/distiller/project/delivery/GSSDK/ios/demos/GSSDKSimpleDemo/GSSDKSimpleDemo.xcarchive/Products/Applications/GSSDKSimpleDemo.app' '/var/folders/vg/ldc8ffjj6ssdmh4txpd6tlf40000gn/T/XcodeDistPipeline.~~~Us9uh1/Root/Payload/GSSDKSimpleDemo.app'
2025-09-12 16:40:57 +0000  >>> Copying /Users/distiller/project/delivery/GSSDK/ios/demos/GSSDKSimpleDemo/GSSDKSimpleDemo.xcarchive/Products/Applications/GSSDKSimpleDemo.app 
2025-09-12 16:40:57 +0000  copying file ./de.lproj/Localizable.strings ... 
2025-09-12 16:40:57 +0000  42 bytes for ./de.lproj/Localizable.strings
2025-09-12 16:40:57 +0000  copying file ./_CodeSignature/CodeResources ... 
2025-09-12 16:40:57 +0000  44126 bytes for ./_CodeSignature/CodeResources
2025-09-12 16:40:57 +0000  copying file ./he.lproj/Localizable.strings ... 
2025-09-12 16:40:57 +0000  42 bytes for ./he.lproj/Localizable.strings
2025-09-12 16:40:57 +0000  copying file ./ar.lproj/Localizable.strings ... 
2025-09-12 16:40:57 +0000  42 bytes for ./ar.lproj/Localizable.strings
2025-09-12 16:40:57 +0000  copying file ./zh-Hans.lproj/Localizable.strings ... 
2025-09-12 16:40:57 +0000  42 bytes for ./zh-Hans.lproj/Localizable.strings
2025-09-12 16:40:57 +0000  copying file ./ja.lproj/Localizable.strings ... 
2025-09-12 16:40:57 +0000  42 bytes for ./ja.lproj/Localizable.strings
2025-09-12 16:40:57 +0000  copying file ./en.lproj/Localizable.strings ... 
2025-09-12 16:40:57 +0000  42 bytes for ./en.lproj/Localizable.strings
2025-09-12 16:40:57 +0000  copying file ./bank-identity-document.jpg ... 
2025-09-12 16:40:57 +0000  61671 bytes for ./bank-identity-document.jpg
2025-09-12 16:40:57 +0000  copying file ./es.lproj/Localizable.strings ... 
2025-09-12 16:40:57 +0000  42 bytes for ./es.lproj/Localizable.strings
2025-09-12 16:40:57 +0000  copying file ./da.lproj/Localizable.strings ... 
2025-09-12 16:40:57 +0000  42 bytes for ./da.lproj/Localizable.strings
2025-09-12 16:40:57 +0000  copying file ./it.lproj/Localizable.strings ... 
2025-09-12 16:40:57 +0000  42 bytes for ./it.lproj/Localizable.strings
2025-09-12 16:40:57 +0000  copying file ./AppIcon60x60@2x.png ... 
2025-09-12 16:40:57 +0000  4379 bytes for ./AppIcon60x60@2x.png
2025-09-12 16:40:57 +0000  copying file ./sv.lproj/Localizable.strings ... 
2025-09-12 16:40:57 +0000  42 bytes for ./sv.lproj/Localizable.strings
2025-09-12 16:40:57 +0000  copying file ./ko.lproj/Localizable.strings ... 
2025-09-12 16:40:57 +0000  42 bytes for ./ko.lproj/Localizable.strings
2025-09-12 16:40:57 +0000  copying file ./LaunchScreen.nib ... 
2025-09-12 16:40:57 +0000  3139 bytes for ./LaunchScreen.nib
2025-09-12 16:40:57 +0000  copying file ./zh-Hant.lproj/Localizable.strings ... 
2025-09-12 16:40:57 +0000  42 bytes for ./zh-Hant.lproj/Localizable.strings
2025-09-12 16:40:57 +0000  copying file ./hu.lproj/Localizable.strings ... 
2025-09-12 16:40:57 +0000  42 bytes for ./hu.lproj/Localizable.strings
2025-09-12 16:40:57 +0000  copying file ./Assets.car ... 
2025-09-12 16:40:57 +0000  146815 bytes for ./Assets.car
2025-09-12 16:40:57 +0000  copying file ./tr.lproj/Localizable.strings ... 
2025-09-12 16:40:57 +0000  42 bytes for ./tr.lproj/Localizable.strings
2025-09-12 16:40:57 +0000  copying file ./pl.lproj/Localizable.strings ... 
2025-09-12 16:40:57 +0000  42 bytes for ./pl.lproj/Localizable.strings
2025-09-12 16:40:57 +0000  copying file ./AppIcon76x76@2x~ipad.png ... 
2025-09-12 16:40:57 +0000  5586 bytes for ./AppIcon76x76@2x~ipad.png
2025-09-12 16:40:57 +0000  copying file ./pt-BR.lproj/Localizable.strings ... 
2025-09-12 16:40:57 +0000  42 bytes for ./pt-BR.lproj/Localizable.strings
2025-09-12 16:40:57 +0000  copying file ./vi.lproj/Localizable.strings ... 
2025-09-12 16:40:57 +0000  42 bytes for ./vi.lproj/Localizable.strings
2025-09-12 16:40:57 +0000  copying file ./ru.lproj/Localizable.strings ... 
2025-09-12 16:40:57 +0000  42 bytes for ./ru.lproj/Localizable.strings
2025-09-12 16:40:57 +0000  copying file ./fr.lproj/Localizable.strings ... 
2025-09-12 16:40:57 +0000  42 bytes for ./fr.lproj/Localizable.strings
2025-09-12 16:40:57 +0000  copying file ./id.lproj/Localizable.strings ... 
2025-09-12 16:40:57 +0000  42 bytes for ./id.lproj/Localizable.strings
2025-09-12 16:40:57 +0000  copying file ./nl.lproj/Localizable.strings ... 
2025-09-12 16:40:57 +0000  42 bytes for ./nl.lproj/Localizable.strings
2025-09-12 16:40:57 +0000  copying file ./Frameworks/GSSDK.framework/de.lproj/Localizable.strings ... 
2025-09-12 16:40:57 +0000  75 bytes for ./Frameworks/GSSDK.framework/de.lproj/Localizable.strings
2025-09-12 16:40:57 +0000  copying file ./Frameworks/GSSDK.framework/de.lproj/GSSDK.stringsdict ... 
2025-09-12 16:40:57 +0000  417 bytes for ./Frameworks/GSSDK.framework/de.lproj/GSSDK.stringsdict
copying file ./Frameworks/GSSDK.framework/de.lproj/GSSDK.strings ... 
2025-09-12 16:40:57 +0000  2670 bytes for ./Frameworks/GSSDK.framework/de.lproj/GSSDK.strings
2025-09-12 16:40:57 +0000  copying file ./Frameworks/GSSDK.framework/_CodeSignature/CodeResources ... 
2025-09-12 16:40:57 +0000  29085 bytes for ./Frameworks/GSSDK.framework/_CodeSignature/CodeResources
2025-09-12 16:40:57 +0000  copying file ./Frameworks/GSSDK.framework/he.lproj/Localizable.strings ... 
2025-09-12 16:40:57 +0000  74 bytes for ./Frameworks/GSSDK.framework/he.lproj/Localizable.strings
2025-09-12 16:40:57 +0000  copying file ./Frameworks/GSSDK.framework/he.lproj/GSSDK.stringsdict ... 
2025-09-12 16:40:57 +0000  460 bytes for ./Frameworks/GSSDK.framework/he.lproj/GSSDK.stringsdict
copying file ./Frameworks/GSSDK.framework/he.lproj/GSSDK.strings ... 
2025-09-12 16:40:57 +0000  2561 bytes for ./Frameworks/GSSDK.framework/he.lproj/GSSDK.strings
2025-09-12 16:40:57 +0000  copying file ./Frameworks/GSSDK.framework/ar.lproj/Localizable.strings ... 
2025-09-12 16:40:57 +0000  80 bytes for ./Frameworks/GSSDK.framework/ar.lproj/Localizable.strings
2025-09-12 16:40:57 +0000  copying file ./Frameworks/GSSDK.framework/ar.lproj/GSSDK.stringsdict ... 
2025-09-12 16:40:57 +0000  511 bytes for ./Frameworks/GSSDK.framework/ar.lproj/GSSDK.stringsdict
copying file ./Frameworks/GSSDK.framework/ar.lproj/GSSDK.strings ... 
2025-09-12 16:40:57 +0000  2696 bytes for ./Frameworks/GSSDK.framework/ar.lproj/GSSDK.strings
2025-09-12 16:40:57 +0000  copying file ./Frameworks/GSSDK.framework/zh-Hans.lproj/Localizable.strings ... 
2025-09-12 16:40:57 +0000  66 bytes for ./Frameworks/GSSDK.framework/zh-Hans.lproj/Localizable.strings
2025-09-12 16:40:57 +0000  copying file ./Frameworks/GSSDK.framework/zh-Hans.lproj/GSSDK.stringsdict ... 
2025-09-12 16:40:57 +0000  357 bytes for ./Frameworks/GSSDK.framework/zh-Hans.lproj/GSSDK.stringsdict
copying file ./Frameworks/GSSDK.framework/zh-Hans.lproj/GSSDK.strings ... 
2025-09-12 16:40:57 +0000  1884 bytes for ./Frameworks/GSSDK.framework/zh-Hans.lproj/GSSDK.strings
2025-09-12 16:40:57 +0000  copying file ./Frameworks/GSSDK.framework/ja.lproj/Localizable.strings ... 
2025-09-12 16:40:57 +0000  66 bytes for ./Frameworks/GSSDK.framework/ja.lproj/Localizable.strings
2025-09-12 16:40:57 +0000  copying file ./Frameworks/GSSDK.framework/ja.lproj/GSSDK.stringsdict ... 
2025-09-12 16:40:57 +0000  369 bytes for ./Frameworks/GSSDK.framework/ja.lproj/GSSDK.stringsdict
copying file ./Frameworks/GSSDK.framework/ja.lproj/GSSDK.strings ... 
2025-09-12 16:40:57 +0000  2124 bytes for ./Frameworks/GSSDK.framework/ja.lproj/GSSDK.strings
2025-09-12 16:40:57 +0000  copying file ./Frameworks/GSSDK.framework/refineBorder.tflite ... 
2025-09-12 16:40:57 +0000  599840 bytes for ./Frameworks/GSSDK.framework/refineBorder.tflite
2025-09-12 16:40:57 +0000  copying file ./Frameworks/GSSDK.framework/PhoneNumberKit_GSKPhoneNumberKit.bundle/PhoneNumberMetadata.json ... 
2025-09-12 16:40:57 +0000  360987 bytes for ./Frameworks/GSSDK.framework/PhoneNumberKit_GSKPhoneNumberKit.bundle/PhoneNumberMetadata.json
copying file ./Frameworks/GSSDK.framework/PhoneNumberKit_GSKPhoneNumberKit.bundle/PrivacyInfo.xcprivacy ... 
2025-09-12 16:40:57 +0000  372 bytes for ./Frameworks/GSSDK.framework/PhoneNumberKit_GSKPhoneNumberKit.bundle/PrivacyInfo.xcprivacy
copying file ./Frameworks/GSSDK.framework/PhoneNumberKit_GSKPhoneNumberKit.bundle/Info.plist ... 
2025-09-12 16:40:57 +0000  858 bytes for ./Frameworks/GSSDK.framework/PhoneNumberKit_GSKPhoneNumberKit.bundle/Info.plist
2025-09-12 16:40:57 +0000  copying file ./Frameworks/GSSDK.framework/restaurant-keywords.txt ... 
2025-09-12 16:40:57 +0000  201 bytes for ./Frameworks/GSSDK.framework/restaurant-keywords.txt
2025-09-12 16:40:57 +0000  copying file ./Frameworks/GSSDK.framework/en.lproj/Localizable.strings ... 
2025-09-12 16:40:57 +0000  70 bytes for ./Frameworks/GSSDK.framework/en.lproj/Localizable.strings
copying file ./Frameworks/GSSDK.framework/en.lproj/GSSDK.stringsdict ... 
2025-09-12 16:40:57 +0000  410 bytes for ./Frameworks/GSSDK.framework/en.lproj/GSSDK.stringsdict
copying file ./Frameworks/GSSDK.framework/en.lproj/GSSDK.strings ... 
2025-09-12 16:40:57 +0000  2149 bytes for ./Frameworks/GSSDK.framework/en.lproj/GSSDK.strings
copying file ./Frameworks/GSSDK.framework/other-chains.txt ... 
2025-09-12 16:40:57 +0000  1924 bytes for ./Frameworks/GSSDK.framework/other-chains.txt
copying file ./Frameworks/GSSDK.framework/gas-stations.txt ... 
2025-09-12 16:40:57 +0000  2259 bytes for ./Frameworks/GSSDK.framework/gas-stations.txt
2025-09-12 16:40:57 +0000  copying file ./Frameworks/GSSDK.framework/es.lproj/Localizable.strings ... 
2025-09-12 16:40:57 +0000  69 bytes for ./Frameworks/GSSDK.framework/es.lproj/Localizable.strings
copying file ./Frameworks/GSSDK.framework/es.lproj/GSSDK.stringsdict ... 
2025-09-12 16:40:57 +0000  493 bytes for ./Frameworks/GSSDK.framework/es.lproj/GSSDK.stringsdict
copying file ./Frameworks/GSSDK.framework/es.lproj/GSSDK.strings ... 
2025-09-12 16:40:57 +0000  2631 bytes for ./Frameworks/GSSDK.framework/es.lproj/GSSDK.strings
2025-09-12 16:40:57 +0000  copying file ./Frameworks/GSSDK.framework/da.lproj/Localizable.strings ... 
2025-09-12 16:40:57 +0000  75 bytes for ./Frameworks/GSSDK.framework/da.lproj/Localizable.strings
copying file ./Frameworks/GSSDK.framework/da.lproj/GSSDK.stringsdict ... 
2025-09-12 16:40:57 +0000  439 bytes for ./Frameworks/GSSDK.framework/da.lproj/GSSDK.stringsdict
2025-09-12 16:40:57 +0000  copying file ./Frameworks/GSSDK.framework/da.lproj/GSSDK.strings ... 
2025-09-12 16:40:57 +0000  2504 bytes for ./Frameworks/GSSDK.framework/da.lproj/GSSDK.strings
2025-09-12 16:40:57 +0000  copying file ./Frameworks/GSSDK.framework/it.lproj/Localizable.strings ... 
2025-09-12 16:40:57 +0000  74 bytes for ./Frameworks/GSSDK.framework/it.lproj/Localizable.strings
copying file ./Frameworks/GSSDK.framework/it.lproj/GSSDK.stringsdict ... 
2025-09-12 16:40:57 +0000  425 bytes for ./Frameworks/GSSDK.framework/it.lproj/GSSDK.stringsdict
copying file ./Frameworks/GSSDK.framework/it.lproj/GSSDK.strings ... 
2025-09-12 16:40:57 +0000  2408 bytes for ./Frameworks/GSSDK.framework/it.lproj/GSSDK.strings
2025-09-12 16:40:57 +0000  copying file ./Frameworks/GSSDK.framework/ocr_languages.csv ... 
2025-09-12 16:40:57 +0000  5396 bytes for ./Frameworks/GSSDK.framework/ocr_languages.csv
copying file ./Frameworks/GSSDK.framework/GSSDK ... 
2025-09-12 16:40:57 +0000  11736960 bytes for ./Frameworks/GSSDK.framework/GSSDK
copying file ./Frameworks/GSSDK.framework/gas-keywords.txt ... 
2025-09-12 16:40:57 +0000  85 bytes for ./Frameworks/GSSDK.framework/gas-keywords.txt
copying file ./Frameworks/GSSDK.framework/sv.lproj/Localizable.strings ... 
88 bytes for ./Frameworks/GSSDK.framework/sv.lproj/Localizable.strings
copying file ./Frameworks/GSSDK.framework/sv.lproj/GSSDK.stringsdict ... 
411 bytes for ./Frameworks/GSSDK.framework/sv.lproj/GSSDK.stringsdict
copying file ./Frameworks/GSSDK.framework/sv.lproj/GSSDK.strings ... 
2627 bytes for ./Frameworks/GSSDK.framework/sv.lproj/GSSDK.strings
copying file ./Frameworks/GSSDK.framework/restaurant-chains.txt ... 
5253 bytes for ./Frameworks/GSSDK.framework/restaurant-chains.txt
copying file ./Frameworks/GSSDK.framework/mobilenetV2_orientation_quant_opti.tflite ... 
676368 bytes for ./Frameworks/GSSDK.framework/mobilenetV2_orientation_quant_opti.tflite
copying file ./Frameworks/GSSDK.framework/ko.lproj/Localizable.strings ... 
66 bytes for ./Frameworks/GSSDK.framework/ko.lproj/Localizable.strings
copying file ./Frameworks/GSSDK.framework/ko.lproj/GSSDK.stringsdict ... 
373 bytes for ./Frameworks/GSSDK.framework/ko.lproj/GSSDK.stringsdict
copying file ./Frameworks/GSSDK.framework/ko.lproj/GSSDK.strings ... 
2098 bytes for ./Frameworks/GSSDK.framework/ko.lproj/GSSDK.strings
copying file ./Frameworks/GSSDK.framework/zh-Hant.lproj/Localizable.strings ... 
66 bytes for ./Frameworks/GSSDK.framework/zh-Hant.lproj/Localizable.strings
copying file ./Frameworks/GSSDK.framework/zh-Hant.lproj/GSSDK.stringsdict ... 
357 bytes for ./Frameworks/GSSDK.framework/zh-Hant.lproj/GSSDK.stringsdict
copying file ./Frameworks/GSSDK.framework/zh-Hant.lproj/GSSDK.strings ... 
1880 bytes for ./Frameworks/GSSDK.framework/zh-Hant.lproj/GSSDK.strings
copying file ./Frameworks/GSSDK.framework/head_classif.tflite ... 
170384 bytes for ./Frameworks/GSSDK.framework/head_classif.tflite
copying file ./Frameworks/GSSDK.framework/backbone.tflite ... 
868056 bytes for ./Frameworks/GSSDK.framework/backbone.tflite
copying file ./Frameworks/GSSDK.framework/hu.lproj/Localizable.strings ... 
84 bytes for ./Frameworks/GSSDK.framework/hu.lproj/Localizable.strings
copying file ./Frameworks/GSSDK.framework/hu.lproj/GSSDK.stringsdict ... 
409 bytes for ./Frameworks/GSSDK.framework/hu.lproj/GSSDK.stringsdict
copying file ./Frameworks/GSSDK.framework/hu.lproj/GSSDK.strings ... 
2848 bytes for ./Frameworks/GSSDK.framework/hu.lproj/GSSDK.strings
copying file ./Frameworks/GSSDK.framework/Assets.car ... 
45919 bytes for ./Frameworks/GSSDK.framework/Assets.car
copying file ./Frameworks/GSSDK.framework/tr.lproj/Localizable.strings ... 
2025-09-12 16:40:57 +0000  69 bytes for ./Frameworks/GSSDK.framework/tr.lproj/Localizable.strings
copying file ./Frameworks/GSSDK.framework/tr.lproj/GSSDK.stringsdict ... 
419 bytes for ./Frameworks/GSSDK.framework/tr.lproj/GSSDK.stringsdict
copying file ./Frameworks/GSSDK.framework/tr.lproj/GSSDK.strings ... 
2653 bytes for ./Frameworks/GSSDK.framework/tr.lproj/GSSDK.strings
copying file ./Frameworks/GSSDK.framework/pl.lproj/Localizable.strings ... 
72 bytes for ./Frameworks/GSSDK.framework/pl.lproj/Localizable.strings
copying file ./Frameworks/GSSDK.framework/pl.lproj/GSSDK.stringsdict ... 
2025-09-12 16:40:57 +0000  521 bytes for ./Frameworks/GSSDK.framework/pl.lproj/GSSDK.stringsdict
copying file ./Frameworks/GSSDK.framework/pl.lproj/GSSDK.strings ... 
2025-09-12 16:40:57 +0000  2576 bytes for ./Frameworks/GSSDK.framework/pl.lproj/GSSDK.strings
2025-09-12 16:40:57 +0000  copying file ./Frameworks/GSSDK.framework/transport-keywords.txt ... 
2025-09-12 16:40:57 +0000  16 bytes for ./Frameworks/GSSDK.framework/transport-keywords.txt
2025-09-12 16:40:57 +0000  copying file ./Frameworks/GSSDK.framework/pt-BR.lproj/Localizable.strings ... 
2025-09-12 16:40:57 +0000  69 bytes for ./Frameworks/GSSDK.framework/pt-BR.lproj/Localizable.strings
2025-09-12 16:40:57 +0000  copying file ./Frameworks/GSSDK.framework/pt-BR.lproj/GSSDK.stringsdict ... 
2025-09-12 16:40:57 +0000  461 bytes for ./Frameworks/GSSDK.framework/pt-BR.lproj/GSSDK.stringsdict
2025-09-12 16:40:57 +0000  copying file ./Frameworks/GSSDK.framework/pt-BR.lproj/GSSDK.strings ... 
2025-09-12 16:40:57 +0000  2681 bytes for ./Frameworks/GSSDK.framework/pt-BR.lproj/GSSDK.strings
2025-09-12 16:40:57 +0000  copying file ./Frameworks/GSSDK.framework/vi.lproj/Localizable.strings ... 
2025-09-12 16:40:57 +0000  76 bytes for ./Frameworks/GSSDK.framework/vi.lproj/Localizable.strings
2025-09-12 16:40:57 +0000  copying file ./Frameworks/GSSDK.framework/vi.lproj/GSSDK.stringsdict ... 
2025-09-12 16:40:57 +0000  377 bytes for ./Frameworks/GSSDK.framework/vi.lproj/GSSDK.stringsdict
2025-09-12 16:40:57 +0000  copying file ./Frameworks/GSSDK.framework/vi.lproj/GSSDK.strings ... 
2025-09-12 16:40:57 +0000  2783 bytes for ./Frameworks/GSSDK.framework/vi.lproj/GSSDK.strings
2025-09-12 16:40:57 +0000  copying file ./Frameworks/GSSDK.framework/documentFinder.tflite ... 
2025-09-12 16:40:57 +0000  546568 bytes for ./Frameworks/GSSDK.framework/documentFinder.tflite
2025-09-12 16:40:57 +0000  copying file ./Frameworks/GSSDK.framework/accommodation-keywords.txt ... 
25 bytes for ./Frameworks/GSSDK.framework/accommodation-keywords.txt
copying file ./Frameworks/GSSDK.framework/PrivacyInfo.xcprivacy ... 
2025-09-12 16:40:57 +0000  501 bytes for ./Frameworks/GSSDK.framework/PrivacyInfo.xcprivacy
2025-09-12 16:40:57 +0000  copying file ./Frameworks/GSSDK.framework/ru.lproj/Localizable.strings ... 
2025-09-12 16:40:57 +0000  80 bytes for ./Frameworks/GSSDK.framework/ru.lproj/Localizable.strings
2025-09-12 16:40:57 +0000  copying file ./Frameworks/GSSDK.framework/ru.lproj/GSSDK.stringsdict ... 
2025-09-12 16:40:57 +0000  534 bytes for ./Frameworks/GSSDK.framework/ru.lproj/GSSDK.stringsdict
copying file ./Frameworks/GSSDK.framework/ru.lproj/GSSDK.strings ... 
2025-09-12 16:40:57 +0000  3015 bytes for ./Frameworks/GSSDK.framework/ru.lproj/GSSDK.strings
copying file ./Frameworks/GSSDK.framework/confusables.json ... 
2025-09-12 16:40:57 +0000  42906 bytes for ./Frameworks/GSSDK.framework/confusables.json
2025-09-12 16:40:57 +0000  copying file ./Frameworks/GSSDK.framework/fr.lproj/Localizable.strings ... 
2025-09-12 16:40:57 +0000  78 bytes for ./Frameworks/GSSDK.framework/fr.lproj/Localizable.strings
2025-09-12 16:40:57 +0000  copying file ./Frameworks/GSSDK.framework/fr.lproj/GSSDK.stringsdict ... 
2025-09-12 16:40:57 +0000  447 bytes for ./Frameworks/GSSDK.framework/fr.lproj/GSSDK.stringsdict
copying file ./Frameworks/GSSDK.framework/fr.lproj/GSSDK.strings ... 
2796 bytes for ./Frameworks/GSSDK.framework/fr.lproj/GSSDK.strings
2025-09-12 16:40:57 +0000  copying file ./Frameworks/GSSDK.framework/id.lproj/Localizable.strings ... 
2025-09-12 16:40:57 +0000  72 bytes for ./Frameworks/GSSDK.framework/id.lproj/Localizable.strings
2025-09-12 16:40:57 +0000  copying file ./Frameworks/GSSDK.framework/id.lproj/GSSDK.stringsdict ... 
2025-09-12 16:40:57 +0000  358 bytes for ./Frameworks/GSSDK.framework/id.lproj/GSSDK.stringsdict
copying file ./Frameworks/GSSDK.framework/id.lproj/GSSDK.strings ... 
2025-09-12 16:40:57 +0000  2208 bytes for ./Frameworks/GSSDK.framework/id.lproj/GSSDK.strings
2025-09-12 16:40:57 +0000  copying file ./Frameworks/GSSDK.framework/nl.lproj/Localizable.strings ... 
2025-09-12 16:40:57 +0000  74 bytes for ./Frameworks/GSSDK.framework/nl.lproj/Localizable.strings
copying file ./Frameworks/GSSDK.framework/nl.lproj/GSSDK.stringsdict ... 
2025-09-12 16:40:57 +0000  440 bytes for ./Frameworks/GSSDK.framework/nl.lproj/GSSDK.stringsdict
copying file ./Frameworks/GSSDK.framework/nl.lproj/GSSDK.strings ... 
2025-09-12 16:40:57 +0000  2240 bytes for ./Frameworks/GSSDK.framework/nl.lproj/GSSDK.strings
2025-09-12 16:40:57 +0000  copying file ./Frameworks/GSSDK.framework/iban-patterns.csv ... 
2025-09-12 16:40:57 +0000  4389 bytes for ./Frameworks/GSSDK.framework/iban-patterns.csv
copying file ./Frameworks/GSSDK.framework/Info.plist ... 
2025-09-12 16:40:57 +0000  770 bytes for ./Frameworks/GSSDK.framework/Info.plist
copying file ./Frameworks/GSSDK.framework/supermarket-keywords.txt ... 
2025-09-12 16:40:57 +0000  161 bytes for ./Frameworks/GSSDK.framework/supermarket-keywords.txt
copying file ./Frameworks/GSSDK.framework/AdobeRGB1998.icc ... 
2025-09-12 16:40:57 +0000  676 bytes for ./Frameworks/GSSDK.framework/AdobeRGB1998.icc
2025-09-12 16:40:57 +0000  copying file ./Frameworks/GSSDK.framework/supermarket-chains.txt ... 
2025-09-12 16:40:57 +0000  6853 bytes for ./Frameworks/GSSDK.framework/supermarket-chains.txt
2025-09-12 16:40:57 +0000  copying file ./image-2.jpg ... 
2025-09-12 16:40:57 +0000  3096410 bytes for ./image-2.jpg
2025-09-12 16:40:58 +0000 [MT] /usr/bin/ditto exited with 0
2025-09-12 16:40:58 +0000  copying file ./pt-PT.lproj/Localizable.strings ... 
42 bytes for ./pt-PT.lproj/Localizable.strings
copying file ./embedded.mobileprovision ... 
12274 bytes for ./embedded.mobileprovision
copying file ./GSSDKSimpleDemo ... 
292928 bytes for ./GSSDKSimpleDemo
copying file ./Info.plist ... 
1680 bytes for ./Info.plist
copying file ./image.jpg ... 
379011 bytes for ./image.jpg
copying file ./PkgInfo ... 
8 bytes for ./PkgInfo
2025-09-12 16:40:58 +0000 [MT] Processing step: IDEDistributionEmbedProfileStep
2025-09-12 16:40:58 +0000 [MT] Skipping profile for item: <IDEDistributionItem: 0x6000029603c0; bundleID='com.thegrizzlylabs.geniusscansdk.GSSDK', path='<DVTFilePath:0x60000296d0e0:'/Users/distiller/project/delivery/GSSDK/ios/demos/GSSDKSimpleDemo/GSSDKSimpleDemo.xcarchive/Products/Applications/GSSDKSimpleDemo.app/Frameworks/GSSDK.framework'>', codeSigningInfo='<_DVTCodeSigningInformation_Path: 0x600002979860; isSigned='1', isAdHocSigned='0', signingCertificate='<DVTSigningCertificate: 0x6000038c9980; name='Apple Distribution: The Grizzly Labs (67ZL68PX9A)', hash='E3F3D8CF9F6A7681E818921AD044317463D68CDC', serialNumber='285330C54F5036D332C8638A2628C896', certificateKinds='(
    "1.2.840.113635.100.6.1.7",
    "1.2.840.113635.100.6.1.4"
), issueDate='2025-03-05 20:37:38 +0000''>', entitlements='(null)', teamID='67ZL68PX9A', identifier='com.thegrizzlylabs.geniusscansdk.GSSDK', executablePath='<DVTFilePath:0x6000029749c0:'/Users/distiller/project/delivery/GSSDK/ios/demos/GSSDKSimpleDemo/GSSDKSimpleDemo.xcarchive/Products/Applications/GSSDKSimpleDemo.app/Frameworks/GSSDK.framework/GSSDK'>', hardenedRuntime='0'>'>
2025-09-12 16:40:58 +0000 [MT] Processing step: IDEDistributionInfoPlistStep
2025-09-12 16:40:58 +0000 [MT] Skipping Info.plist step because item: <IDEDistributionItem: 0x6000029603c0; bundleID='com.thegrizzlylabs.geniusscansdk.GSSDK', path='<DVTFilePath:0x60000296d0e0:'/Users/distiller/project/delivery/GSSDK/ios/demos/GSSDKSimpleDemo/GSSDKSimpleDemo.xcarchive/Products/Applications/GSSDKSimpleDemo.app/Frameworks/GSSDK.framework'>', codeSigningInfo='<_DVTCodeSigningInformation_Path: 0x600002979860; isSigned='1', isAdHocSigned='0', signingCertificate='<DVTSigningCertificate: 0x6000038c9980; name='Apple Distribution: The Grizzly Labs (67ZL68PX9A)', hash='E3F3D8CF9F6A7681E818921AD044317463D68CDC', serialNumber='285330C54F5036D332C8638A2628C896', certificateKinds='(
    "1.2.840.113635.100.6.1.7",
    "1.2.840.113635.100.6.1.4"
), issueDate='2025-03-05 20:37:38 +0000''>', entitlements='(null)', teamID='67ZL68PX9A', identifier='com.thegrizzlylabs.geniusscansdk.GSSDK', executablePath='<DVTFilePath:0x6000029749c0:'/Users/distiller/project/delivery/GSSDK/ios/demos/GSSDKSimpleDemo/GSSDKSimpleDemo.xcarchive/Products/Applications/GSSDKSimpleDemo.app/Frameworks/GSSDK.framework/GSSDK'>', hardenedRuntime='0'>'> is a framework or embedded in a framework.
2025-09-12 16:40:58 +0000 [MT] Skipping setting DTXcodeBuildDistribution because toolsBuildVersionName was nil.
2025-09-12 16:40:58 +0000 [MT] Processing step: IDEDistributionItemRemovalStep
2025-09-12 16:40:58 +0000 [MT] Processing step: IDEDistributionAppThinningPlistStep
2025-09-12 16:40:58 +0000 [MT] Skipping step: IDEDistributionAppThinningPlistStep because it said so
2025-09-12 16:40:58 +0000 [MT] Processing step: IDEDistributionSymbolsStep
2025-09-12 16:40:58 +0000 [MT] Writing /var/folders/vg/ldc8ffjj6ssdmh4txpd6tlf40000gn/T/XcodeDistPipeline.~~~Us9uh1/Symbols/CB01DF12-C0FE-3BAB-BECE-22524911AD22.symbols
2025-09-12 16:40:58 +0000 [MT] Writing /var/folders/vg/ldc8ffjj6ssdmh4txpd6tlf40000gn/T/XcodeDistPipeline.~~~Us9uh1/Symbols/88BD0429-4A60-3DEA-8C91-F4BF729FDCBA.symbols
2025-09-12 16:40:58 +0000 [MT] Processing step: IDEDistributionCopyAppleProvidedContentStep
2025-09-12 16:40:58 +0000 [MT] Running /usr/bin/ditto '-V' '/Users/distiller/project/delivery/GSSDK/ios/demos/GSSDKSimpleDemo/GSSDKSimpleDemo.xcarchive/Signatures' '/var/folders/vg/ldc8ffjj6ssdmh4txpd6tlf40000gn/T/XcodeDistPipeline.~~~Us9uh1/Root/Signatures'
2025-09-12 16:40:58 +0000  >>> Copying /Users/distiller/project/delivery/GSSDK/ios/demos/GSSDKSimpleDemo/GSSDKSimpleDemo.xcarchive/Signatures 
2025-09-12 16:40:58 +0000  copying file ./GSSDK.xcframework-ios.signature ... 
2025-09-12 16:40:58 +0000  396 bytes for ./GSSDK.xcframework-ios.signature
2025-09-12 16:40:58 +0000 [MT] /usr/bin/ditto exited with 0
2025-09-12 16:40:58 +0000 [MT] Processing step: IDEDistributionAppThinningStep
2025-09-12 16:40:58 +0000 [MT] Skipping step: IDEDistributionAppThinningStep because it said so
2025-09-12 16:40:58 +0000 [MT] Processing step: IDEDistributionArchThinningStep
2025-09-12 16:40:58 +0000 [MT] Item /Users/distiller/project/delivery/GSSDK/ios/demos/GSSDKSimpleDemo/GSSDKSimpleDemo.xcarchive/Products/Applications/GSSDKSimpleDemo.app/Frameworks/GSSDK.framework doesn't have the entitlement com.apple.developer.web-browser-engine.host enabled, returning ["arm64e"]
2025-09-12 16:40:58 +0000 [MT] Archs to thin for item /Users/distiller/project/delivery/GSSDK/ios/demos/GSSDKSimpleDemo/GSSDKSimpleDemo.xcarchive/Products/Applications/GSSDKSimpleDemo.app/Frameworks/GSSDK.framework are ["arm64e"]
2025-09-12 16:40:58 +0000 [MT] Running /Applications/Xcode-16.4.app/Contents/Developer/Toolchains/XcodeDefault.xctoolchain/usr/bin/lipo '/var/folders/vg/ldc8ffjj6ssdmh4txpd6tlf40000gn/T/XcodeDistPipeline.~~~Us9uh1/Root/Payload/GSSDKSimpleDemo.app/Frameworks/GSSDK.framework/GSSDK' '-verify_arch' 'arm64e'
2025-09-12 16:40:58 +0000 [MT] /Applications/Xcode-16.4.app/Contents/Developer/Toolchains/XcodeDefault.xctoolchain/usr/bin/lipo exited with 1
2025-09-12 16:40:58 +0000 [MT] Skipping architecture thinning for item "GSSDK" because arch "arm64e" wasn't found
2025-09-12 16:40:58 +0000 [MT] Item /Users/distiller/project/delivery/GSSDK/ios/demos/GSSDKSimpleDemo/GSSDKSimpleDemo.xcarchive/Products/Applications/GSSDKSimpleDemo.app doesn't have the entitlement com.apple.developer.web-browser-engine.host enabled, returning ["arm64e"]
2025-09-12 16:40:58 +0000 [MT] Archs to thin for item /Users/distiller/project/delivery/GSSDK/ios/demos/GSSDKSimpleDemo/GSSDKSimpleDemo.xcarchive/Products/Applications/GSSDKSimpleDemo.app are ["arm64e"]
2025-09-12 16:40:58 +0000 [MT] Running /Applications/Xcode-16.4.app/Contents/Developer/Toolchains/XcodeDefault.xctoolchain/usr/bin/lipo '/var/folders/vg/ldc8ffjj6ssdmh4txpd6tlf40000gn/T/XcodeDistPipeline.~~~Us9uh1/Root/Payload/GSSDKSimpleDemo.app/GSSDKSimpleDemo' '-verify_arch' 'arm64e'
2025-09-12 16:40:58 +0000 [MT] /Applications/Xcode-16.4.app/Contents/Developer/Toolchains/XcodeDefault.xctoolchain/usr/bin/lipo exited with 1
2025-09-12 16:40:58 +0000 [MT] Skipping architecture thinning for item "GSSDKSimpleDemo" because arch "arm64e" wasn't found
2025-09-12 16:40:58 +0000 [MT] Processing step: IDEDistributionODRStep
2025-09-12 16:40:58 +0000 [MT] Processing step: IDEDistributionStripXattrsStep
2025-09-12 16:40:58 +0000 [MT] Skipping stripping extended attributes because the codesign step will strip them.
2025-09-12 16:40:58 +0000 [MT] Skipping stripping extended attributes because the codesign step will strip them.
2025-09-12 16:40:58 +0000 [MT] Processing step: IDEDistributionCodesignStep
2025-09-12 16:40:58 +0000 [MT] Entitlements for <IDEDistributionItem: 0x6000029603c0; bundleID='com.thegrizzlylabs.geniusscansdk.GSSDK', path='<DVTFilePath:0x60000296d0e0:'/Users/distiller/project/delivery/GSSDK/ios/demos/GSSDKSimpleDemo/GSSDKSimpleDemo.xcarchive/Products/Applications/GSSDKSimpleDemo.app/Frameworks/GSSDK.framework'>', codeSigningInfo='<_DVTCodeSigningInformation_Path: 0x600002979860; isSigned='1', isAdHocSigned='0', signingCertificate='<DVTSigningCertificate: 0x6000038b4000; name='Apple Distribution: The Grizzly Labs (67ZL68PX9A)', hash='E3F3D8CF9F6A7681E818921AD044317463D68CDC', serialNumber='285330C54F5036D332C8638A2628C896', certificateKinds='(
    "1.2.840.113635.100.6.1.7",
    "1.2.840.113635.100.6.1.4"
), issueDate='2025-03-05 20:37:38 +0000''>', entitlements='(null)', teamID='67ZL68PX9A', identifier='com.thegrizzlylabs.geniusscansdk.GSSDK', executablePath='<DVTFilePath:0x6000029749c0:'/Users/distiller/project/delivery/GSSDK/ios/demos/GSSDKSimpleDemo/GSSDKSimpleDemo.xcarchive/Products/Applications/GSSDKSimpleDemo.app/Frameworks/GSSDK.framework/GSSDK'>', hardenedRuntime='0'>'>: {
}
2025-09-12 16:40:58 +0000 [MT] Associated App Clip Identifiers Filter: Skipping because "com.apple.developer.associated-appclip-app-identifiers" is not present
2025-09-12 16:40:58 +0000 [MT] Entitlements for <IDEDistributionItem: 0x6000029603c0; bundleID='com.thegrizzlylabs.geniusscansdk.GSSDK', path='<DVTFilePath:0x60000296d0e0:'/Users/distiller/project/delivery/GSSDK/ios/demos/GSSDKSimpleDemo/GSSDKSimpleDemo.xcarchive/Products/Applications/GSSDKSimpleDemo.app/Frameworks/GSSDK.framework'>', codeSigningInfo='<_DVTCodeSigningInformation_Path: 0x600002979860; isSigned='1', isAdHocSigned='0', signingCertificate='<DVTSigningCertificate: 0x6000038b40c0; name='Apple Distribution: The Grizzly Labs (67ZL68PX9A)', hash='E3F3D8CF9F6A7681E818921AD044317463D68CDC', serialNumber='285330C54F5036D332C8638A2628C896', certificateKinds='(
    "1.2.840.113635.100.6.1.7",
    "1.2.840.113635.100.6.1.4"
), issueDate='2025-03-05 20:37:38 +0000''>', entitlements='(null)', teamID='67ZL68PX9A', identifier='com.thegrizzlylabs.geniusscansdk.GSSDK', executablePath='<DVTFilePath:0x6000029749c0:'/Users/distiller/project/delivery/GSSDK/ios/demos/GSSDKSimpleDemo/GSSDKSimpleDemo.xcarchive/Products/Applications/GSSDKSimpleDemo.app/Frameworks/GSSDK.framework/GSSDK'>', hardenedRuntime='0'>'> are: {
}
2025-09-12 16:40:58 +0000 [MT] Writing entitlements for <IDEDistributionItem: 0x6000029603c0; bundleID='com.thegrizzlylabs.geniusscansdk.GSSDK', path='<DVTFilePath:0x60000296d0e0:'/Users/distiller/project/delivery/GSSDK/ios/demos/GSSDKSimpleDemo/GSSDKSimpleDemo.xcarchive/Products/Applications/GSSDKSimpleDemo.app/Frameworks/GSSDK.framework'>', codeSigningInfo='<_DVTCodeSigningInformation_Path: 0x600002979860; isSigned='1', isAdHocSigned='0', signingCertificate='<DVTSigningCertificate: 0x6000038b40c0; name='Apple Distribution: The Grizzly Labs (67ZL68PX9A)', hash='E3F3D8CF9F6A7681E818921AD044317463D68CDC', serialNumber='285330C54F5036D332C8638A2628C896', certificateKinds='(
    "1.2.840.113635.100.6.1.7",
    "1.2.840.113635.100.6.1.4"
), issueDate='2025-03-05 20:37:38 +0000''>', entitlements='(null)', teamID='67ZL68PX9A', identifier='com.thegrizzlylabs.geniusscansdk.GSSDK', executablePath='<DVTFilePath:0x6000029749c0:'/Users/distiller/project/delivery/GSSDK/ios/demos/GSSDKSimpleDemo/GSSDKSimpleDemo.xcarchive/Products/Applications/GSSDKSimpleDemo.app/Frameworks/GSSDK.framework/GSSDK'>', hardenedRuntime='0'>'> to: /var/folders/vg/ldc8ffjj6ssdmh4txpd6tlf40000gn/T/XcodeDistPipeline.~~~Us9uh1/entitlements~~~d2BSKZ
2025-09-12 16:40:58 +0000 [MT] invoking codesign: <NSConcreteTask: 0x600002dda490; launchPath='/usr/bin/codesign', arguments='(
    "-f",
    "-s",
    E3F3D8CF9F6A7681E818921AD044317463D68CDC,
    "--entitlements",
    "/var/folders/vg/ldc8ffjj6ssdmh4txpd6tlf40000gn/T/XcodeDistPipeline.~~~Us9uh1/entitlements~~~d2BSKZ",
    "--preserve-metadata=identifier,flags,runtime",
    "--generate-entitlement-der",
    "--strip-disallowed-xattrs",
    "-vvv",
    "/var/folders/vg/ldc8ffjj6ssdmh4txpd6tlf40000gn/T/XcodeDistPipeline.~~~Us9uh1/Root/Payload/GSSDKSimpleDemo.app/Frameworks/GSSDK.framework"
)'>
2025-09-12 16:40:58 +0000 [MT] codesign output: /var/folders/vg/ldc8ffjj6ssdmh4txpd6tlf40000gn/T/XcodeDistPipeline.~~~Us9uh1/Root/Payload/GSSDKSimpleDemo.app/Frameworks/GSSDK.framework: replacing existing signature
/var/folders/vg/ldc8ffjj6ssdmh4txpd6tlf40000gn/T/XcodeDistPipeline.~~~Us9uh1/Root/Payload/GSSDKSimpleDemo.app/Frameworks/GSSDK.framework: signed bundle with Mach-O thin (arm64) [com.thegrizzlylabs.geniusscansdk.GSSDK]
2025-09-12 16:40:58 +0000 [MT] Entitlements for <IDEDistributionItem: 0x60000297ab20; bundleID='com.thegrizzlylabs.geniusscansdk.GSSDKSimpleDemo', path='<DVTFilePath:0x6000026683f0:'/Users/distiller/project/delivery/GSSDK/ios/demos/GSSDKSimpleDemo/GSSDKSimpleDemo.xcarchive/Products/Applications/GSSDKSimpleDemo.app'>', codeSigningInfo='<_DVTCodeSigningInformation_Path: 0x600002979b60; isSigned='1', isAdHocSigned='0', signingCertificate='<DVTSigningCertificate: 0x6000038b4180; name='Apple Distribution: The Grizzly Labs (67ZL68PX9A)', hash='E3F3D8CF9F6A7681E818921AD044317463D68CDC', serialNumber='285330C54F5036D332C8638A2628C896', certificateKinds='(
    "1.2.840.113635.100.6.1.7",
    "1.2.840.113635.100.6.1.4"
), issueDate='2025-03-05 20:37:38 +0000''>', entitlements='{
    "application-identifier" = "67ZL68PX9A.com.thegrizzlylabs.geniusscansdk.GSSDKSimpleDemo";
    "beta-reports-active" = 1;
    "com.apple.developer.team-identifier" = 67ZL68PX9A;
    "get-task-allow" = 0;
}', teamID='67ZL68PX9A', identifier='com.thegrizzlylabs.geniusscansdk.GSSDKSimpleDemo', executablePath='<DVTFilePath:0x60000297da40:'/Users/distiller/project/delivery/GSSDK/ios/demos/GSSDKSimpleDemo/GSSDKSimpleDemo.xcarchive/Products/Applications/GSSDKSimpleDemo.app/GSSDKSimpleDemo'>', hardenedRuntime='0'>'>: {
    "application-identifier" = "67ZL68PX9A.com.thegrizzlylabs.geniusscansdk.GSSDKSimpleDemo";
    "beta-reports-active" = 1;
    "com.apple.developer.team-identifier" = 67ZL68PX9A;
    "get-task-allow" = 0;
}
2025-09-12 16:40:58 +0000 [MT] Associated App Clip Identifiers Filter: Skipping because "com.apple.developer.associated-appclip-app-identifiers" is not present
2025-09-12 16:40:58 +0000 [MT] Entitlements for <IDEDistributionItem: 0x60000297ab20; bundleID='com.thegrizzlylabs.geniusscansdk.GSSDKSimpleDemo', path='<DVTFilePath:0x6000026683f0:'/Users/distiller/project/delivery/GSSDK/ios/demos/GSSDKSimpleDemo/GSSDKSimpleDemo.xcarchive/Products/Applications/GSSDKSimpleDemo.app'>', codeSigningInfo='<_DVTCodeSigningInformation_Path: 0x600002979b60; isSigned='1', isAdHocSigned='0', signingCertificate='<DVTSigningCertificate: 0x6000038b4240; name='Apple Distribution: The Grizzly Labs (67ZL68PX9A)', hash='E3F3D8CF9F6A7681E818921AD044317463D68CDC', serialNumber='285330C54F5036D332C8638A2628C896', certificateKinds='(
    "1.2.840.113635.100.6.1.7",
    "1.2.840.113635.100.6.1.4"
), issueDate='2025-03-05 20:37:38 +0000''>', entitlements='{
    "application-identifier" = "67ZL68PX9A.com.thegrizzlylabs.geniusscansdk.GSSDKSimpleDemo";
    "beta-reports-active" = 1;
    "com.apple.developer.team-identifier" = 67ZL68PX9A;
    "get-task-allow" = 0;
}', teamID='67ZL68PX9A', identifier='com.thegrizzlylabs.geniusscansdk.GSSDKSimpleDemo', executablePath='<DVTFilePath:0x60000297da40:'/Users/distiller/project/delivery/GSSDK/ios/demos/GSSDKSimpleDemo/GSSDKSimpleDemo.xcarchive/Products/Applications/GSSDKSimpleDemo.app/GSSDKSimpleDemo'>', hardenedRuntime='0'>'> are: {
    "application-identifier" = "67ZL68PX9A.com.thegrizzlylabs.geniusscansdk.GSSDKSimpleDemo";
    "beta-reports-active" = 1;
    "com.apple.developer.team-identifier" = 67ZL68PX9A;
    "get-task-allow" = 0;
}
2025-09-12 16:40:58 +0000 [MT] Writing entitlements for <IDEDistributionItem: 0x60000297ab20; bundleID='com.thegrizzlylabs.geniusscansdk.GSSDKSimpleDemo', path='<DVTFilePath:0x6000026683f0:'/Users/distiller/project/delivery/GSSDK/ios/demos/GSSDKSimpleDemo/GSSDKSimpleDemo.xcarchive/Products/Applications/GSSDKSimpleDemo.app'>', codeSigningInfo='<_DVTCodeSigningInformation_Path: 0x600002979b60; isSigned='1', isAdHocSigned='0', signingCertificate='<DVTSigningCertificate: 0x6000038b4240; name='Apple Distribution: The Grizzly Labs (67ZL68PX9A)', hash='E3F3D8CF9F6A7681E818921AD044317463D68CDC', serialNumber='285330C54F5036D332C8638A2628C896', certificateKinds='(
    "1.2.840.113635.100.6.1.7",
    "1.2.840.113635.100.6.1.4"
), issueDate='2025-03-05 20:37:38 +0000''>', entitlements='{
    "application-identifier" = "67ZL68PX9A.com.thegrizzlylabs.geniusscansdk.GSSDKSimpleDemo";
    "beta-reports-active" = 1;
    "com.apple.developer.team-identifier" = 67ZL68PX9A;
    "get-task-allow" = 0;
}', teamID='67ZL68PX9A', identifier='com.thegrizzlylabs.geniusscansdk.GSSDKSimpleDemo', executablePath='<DVTFilePath:0x60000297da40:'/Users/distiller/project/delivery/GSSDK/ios/demos/GSSDKSimpleDemo/GSSDKSimpleDemo.xcarchive/Products/Applications/GSSDKSimpleDemo.app/GSSDKSimpleDemo'>', hardenedRuntime='0'>'> to: /var/folders/vg/ldc8ffjj6ssdmh4txpd6tlf40000gn/T/XcodeDistPipeline.~~~Us9uh1/entitlements~~~IWzADy
2025-09-12 16:40:58 +0000 [MT] invoking codesign: <NSConcreteTask: 0x600002dda620; launchPath='/usr/bin/codesign', arguments='(
    "-f",
    "-s",
    E3F3D8CF9F6A7681E818921AD044317463D68CDC,
    "--entitlements",
    "/var/folders/vg/ldc8ffjj6ssdmh4txpd6tlf40000gn/T/XcodeDistPipeline.~~~Us9uh1/entitlements~~~IWzADy",
    "--preserve-metadata=identifier,flags,runtime",
    "--generate-entitlement-der",
    "--strip-disallowed-xattrs",
    "-vvv",
    "/var/folders/vg/ldc8ffjj6ssdmh4txpd6tlf40000gn/T/XcodeDistPipeline.~~~Us9uh1/Root/Payload/GSSDKSimpleDemo.app"
)'>
2025-09-12 16:40:58 +0000 [MT] codesign output: /var/folders/vg/ldc8ffjj6ssdmh4txpd6tlf40000gn/T/XcodeDistPipeline.~~~Us9uh1/Root/Payload/GSSDKSimpleDemo.app: replacing existing signature
/var/folders/vg/ldc8ffjj6ssdmh4txpd6tlf40000gn/T/XcodeDistPipeline.~~~Us9uh1/Root/Payload/GSSDKSimpleDemo.app: signed app bundle with Mach-O thin (arm64) [com.thegrizzlylabs.geniusscansdk.GSSDKSimpleDemo]
2025-09-12 16:40:58 +0000 [MT] Processing step: IDEDistributionZipODRItemStep
2025-09-12 16:40:58 +0000 [MT] Skipping step: IDEDistributionZipODRItemStep because it said so
2025-09-12 16:40:58 +0000 [MT] Skipping step: IDEDistributionZipODRItemStep because it said so
2025-09-12 16:40:58 +0000 [MT] Processing step: IDEDistributionCreateIPAStep
2025-09-12 16:40:58 +0000 [MT] Running /usr/bin/rsync '-8aPhhE' '/var/folders/vg/ldc8ffjj6ssdmh4txpd6tlf40000gn/T/XcodeDistPipeline.~~~Us9uh1/Symbols' '--link-dest' '/var/folders/vg/ldc8ffjj6ssdmh4txpd6tlf40000gn/T/XcodeDistPipeline.~~~Us9uh1' '/var/folders/vg/ldc8ffjj6ssdmh4txpd6tlf40000gn/T/XcodeDistPipeline.~~~Us9uh1/Root'
2025-09-12 16:40:58 +0000  building file list ... 
2025-09-12 16:40:58 +0000   0 files...2025-09-12 16:40:58 +0000  3 files to consider
2025-09-12 16:40:58 +0000  Symbols/
2025-09-12 16:40:58 +0000  
sent 198 bytes  received 26 bytes  448.00 bytes/sec
total size is 4.62M  speedup is 21639.64
2025-09-12 16:40:58 +0000 [MT] /usr/bin/rsync exited with 0
2025-09-12 16:40:58 +0000 [MT] Running /usr/bin/ditto '-V' '-c' '-k' '--norsrc' '/var/folders/vg/ldc8ffjj6ssdmh4txpd6tlf40000gn/T/XcodeDistPipeline.~~~Us9uh1/Root' '/var/folders/vg/ldc8ffjj6ssdmh4txpd6tlf40000gn/T/XcodeDistPipeline.~~~Us9uh1/Packages/GSSDKSimpleDemo.ipa'
2025-09-12 16:40:58 +0000  >>> Copying /var/folders/vg/ldc8ffjj6ssdmh4txpd6tlf40000gn/T/XcodeDistPipeline.~~~Us9uh1/Root 
2025-09-12 16:40:58 +0000  copying file ./Signatures/GSSDK.xcframework-ios.signature ... 
2025-09-12 16:40:58 +0000  396 bytes for ./Signatures/GSSDK.xcframework-ios.signature
2025-09-12 16:40:58 +0000  copying file ./Payload/GSSDKSimpleDemo.app/de.lproj/Localizable.strings ... 
2025-09-12 16:40:58 +0000  42 bytes for ./Payload/GSSDKSimpleDemo.app/de.lproj/Localizable.strings
copying file ./Payload/GSSDKSimpleDemo.app/_CodeSignature/CodeResources ... 
2025-09-12 16:40:58 +0000  44126 bytes for ./Payload/GSSDKSimpleDemo.app/_CodeSignature/CodeResources
2025-09-12 16:40:58 +0000  copying file ./Payload/GSSDKSimpleDemo.app/he.lproj/Localizable.strings ... 
42 bytes for ./Payload/GSSDKSimpleDemo.app/he.lproj/Localizable.strings
copying file ./Payload/GSSDKSimpleDemo.app/ar.lproj/Localizable.strings ... 
2025-09-12 16:40:58 +0000  42 bytes for ./Payload/GSSDKSimpleDemo.app/ar.lproj/Localizable.strings
copying file ./Payload/GSSDKSimpleDemo.app/zh-Hans.lproj/Localizable.strings ... 
42 bytes for ./Payload/GSSDKSimpleDemo.app/zh-Hans.lproj/Localizable.strings
copying file ./Payload/GSSDKSimpleDemo.app/ja.lproj/Localizable.strings ... 
2025-09-12 16:40:58 +0000  42 bytes for ./Payload/GSSDKSimpleDemo.app/ja.lproj/Localizable.strings
copying file ./Payload/GSSDKSimpleDemo.app/en.lproj/Localizable.strings ... 
42 bytes for ./Payload/GSSDKSimpleDemo.app/en.lproj/Localizable.strings
copying file ./Payload/GSSDKSimpleDemo.app/bank-identity-document.jpg ... 
2025-09-12 16:40:58 +0000  61671 bytes for ./Payload/GSSDKSimpleDemo.app/bank-identity-document.jpg
copying file ./Payload/GSSDKSimpleDemo.app/es.lproj/Localizable.strings ... 
2025-09-12 16:40:58 +0000  42 bytes for ./Payload/GSSDKSimpleDemo.app/es.lproj/Localizable.strings
copying file ./Payload/GSSDKSimpleDemo.app/da.lproj/Localizable.strings ... 
42 bytes for ./Payload/GSSDKSimpleDemo.app/da.lproj/Localizable.strings
2025-09-12 16:40:58 +0000  copying file ./Payload/GSSDKSimpleDemo.app/it.lproj/Localizable.strings ... 
42 bytes for ./Payload/GSSDKSimpleDemo.app/it.lproj/Localizable.strings
copying file ./Payload/GSSDKSimpleDemo.app/AppIcon60x60@2x.png ... 
4379 bytes for ./Payload/GSSDKSimpleDemo.app/AppIcon60x60@2x.png
2025-09-12 16:40:58 +0000  copying file ./Payload/GSSDKSimpleDemo.app/sv.lproj/Localizable.strings ... 
42 bytes for ./Payload/GSSDKSimpleDemo.app/sv.lproj/Localizable.strings
copying file ./Payload/GSSDKSimpleDemo.app/ko.lproj/Localizable.strings ... 
2025-09-12 16:40:58 +0000  42 bytes for ./Payload/GSSDKSimpleDemo.app/ko.lproj/Localizable.strings
copying file ./Payload/GSSDKSimpleDemo.app/LaunchScreen.nib ... 
2025-09-12 16:40:58 +0000  3139 bytes for ./Payload/GSSDKSimpleDemo.app/LaunchScreen.nib
2025-09-12 16:40:58 +0000  copying file ./Payload/GSSDKSimpleDemo.app/zh-Hant.lproj/Localizable.strings ... 
42 bytes for ./Payload/GSSDKSimpleDemo.app/zh-Hant.lproj/Localizable.strings
copying file ./Payload/GSSDKSimpleDemo.app/hu.lproj/Localizable.strings ... 
2025-09-12 16:40:58 +0000  42 bytes for ./Payload/GSSDKSimpleDemo.app/hu.lproj/Localizable.strings
copying file ./Payload/GSSDKSimpleDemo.app/Assets.car ... 
2025-09-12 16:40:58 +0000  146815 bytes for ./Payload/GSSDKSimpleDemo.app/Assets.car
copying file ./Payload/GSSDKSimpleDemo.app/tr.lproj/Localizable.strings ... 
2025-09-12 16:40:58 +0000  42 bytes for ./Payload/GSSDKSimpleDemo.app/tr.lproj/Localizable.strings
copying file ./Payload/GSSDKSimpleDemo.app/pl.lproj/Localizable.strings ... 
42 bytes for ./Payload/GSSDKSimpleDemo.app/pl.lproj/Localizable.strings
copying file ./Payload/GSSDKSimpleDemo.app/AppIcon76x76@2x~ipad.png ... 
2025-09-12 16:40:58 +0000  5586 bytes for ./Payload/GSSDKSimpleDemo.app/AppIcon76x76@2x~ipad.png
2025-09-12 16:40:58 +0000  copying file ./Payload/GSSDKSimpleDemo.app/pt-BR.lproj/Localizable.strings ... 
42 bytes for ./Payload/GSSDKSimpleDemo.app/pt-BR.lproj/Localizable.strings
2025-09-12 16:40:58 +0000  copying file ./Payload/GSSDKSimpleDemo.app/vi.lproj/Localizable.strings ... 
42 bytes for ./Payload/GSSDKSimpleDemo.app/vi.lproj/Localizable.strings
copying file ./Payload/GSSDKSimpleDemo.app/ru.lproj/Localizable.strings ... 
2025-09-12 16:40:58 +0000  42 bytes for ./Payload/GSSDKSimpleDemo.app/ru.lproj/Localizable.strings
copying file ./Payload/GSSDKSimpleDemo.app/fr.lproj/Localizable.strings ... 
2025-09-12 16:40:58 +0000  42 bytes for ./Payload/GSSDKSimpleDemo.app/fr.lproj/Localizable.strings
copying file ./Payload/GSSDKSimpleDemo.app/id.lproj/Localizable.strings ... 
42 bytes for ./Payload/GSSDKSimpleDemo.app/id.lproj/Localizable.strings
2025-09-12 16:40:58 +0000  copying file ./Payload/GSSDKSimpleDemo.app/nl.lproj/Localizable.strings ... 
42 bytes for ./Payload/GSSDKSimpleDemo.app/nl.lproj/Localizable.strings
2025-09-12 16:40:58 +0000  copying file ./Payload/GSSDKSimpleDemo.app/Frameworks/GSSDK.framework/de.lproj/Localizable.strings ... 
2025-09-12 16:40:58 +0000  75 bytes for ./Payload/GSSDKSimpleDemo.app/Frameworks/GSSDK.framework/de.lproj/Localizable.strings
copying file ./Payload/GSSDKSimpleDemo.app/Frameworks/GSSDK.framework/de.lproj/GSSDK.stringsdict ... 
417 bytes for ./Payload/GSSDKSimpleDemo.app/Frameworks/GSSDK.framework/de.lproj/GSSDK.stringsdict
2025-09-12 16:40:58 +0000  copying file ./Payload/GSSDKSimpleDemo.app/Frameworks/GSSDK.framework/de.lproj/GSSDK.strings ... 
2025-09-12 16:40:58 +0000  2670 bytes for ./Payload/GSSDKSimpleDemo.app/Frameworks/GSSDK.framework/de.lproj/GSSDK.strings
copying file ./Payload/GSSDKSimpleDemo.app/Frameworks/GSSDK.framework/_CodeSignature/CodeResources ... 
2025-09-12 16:40:58 +0000  29085 bytes for ./Payload/GSSDKSimpleDemo.app/Frameworks/GSSDK.framework/_CodeSignature/CodeResources
2025-09-12 16:40:58 +0000  copying file ./Payload/GSSDKSimpleDemo.app/Frameworks/GSSDK.framework/he.lproj/Localizable.strings ... 
74 bytes for ./Payload/GSSDKSimpleDemo.app/Frameworks/GSSDK.framework/he.lproj/Localizable.strings
copying file ./Payload/GSSDKSimpleDemo.app/Frameworks/GSSDK.framework/he.lproj/GSSDK.stringsdict ... 
2025-09-12 16:40:58 +0000  460 bytes for ./Payload/GSSDKSimpleDemo.app/Frameworks/GSSDK.framework/he.lproj/GSSDK.stringsdict
copying file ./Payload/GSSDKSimpleDemo.app/Frameworks/GSSDK.framework/he.lproj/GSSDK.strings ... 
2025-09-12 16:40:58 +0000  2561 bytes for ./Payload/GSSDKSimpleDemo.app/Frameworks/GSSDK.framework/he.lproj/GSSDK.strings
copying file ./Payload/GSSDKSimpleDemo.app/Frameworks/GSSDK.framework/ar.lproj/Localizable.strings ... 
2025-09-12 16:40:58 +0000  80 bytes for ./Payload/GSSDKSimpleDemo.app/Frameworks/GSSDK.framework/ar.lproj/Localizable.strings
copying file ./Payload/GSSDKSimpleDemo.app/Frameworks/GSSDK.framework/ar.lproj/GSSDK.stringsdict ... 
2025-09-12 16:40:58 +0000  511 bytes for ./Payload/GSSDKSimpleDemo.app/Frameworks/GSSDK.framework/ar.lproj/GSSDK.stringsdict
copying file ./Payload/GSSDKSimpleDemo.app/Frameworks/GSSDK.framework/ar.lproj/GSSDK.strings ... 
2025-09-12 16:40:58 +0000  2696 bytes for ./Payload/GSSDKSimpleDemo.app/Frameworks/GSSDK.framework/ar.lproj/GSSDK.strings
2025-09-12 16:40:58 +0000  copying file ./Payload/GSSDKSimpleDemo.app/Frameworks/GSSDK.framework/zh-Hans.lproj/Localizable.strings ... 
2025-09-12 16:40:58 +0000  66 bytes for ./Payload/GSSDKSimpleDemo.app/Frameworks/GSSDK.framework/zh-Hans.lproj/Localizable.strings
copying file ./Payload/GSSDKSimpleDemo.app/Frameworks/GSSDK.framework/zh-Hans.lproj/GSSDK.stringsdict ... 
2025-09-12 16:40:58 +0000  357 bytes for ./Payload/GSSDKSimpleDemo.app/Frameworks/GSSDK.framework/zh-Hans.lproj/GSSDK.stringsdict
copying file ./Payload/GSSDKSimpleDemo.app/Frameworks/GSSDK.framework/zh-Hans.lproj/GSSDK.strings ... 
2025-09-12 16:40:58 +0000  1884 bytes for ./Payload/GSSDKSimpleDemo.app/Frameworks/GSSDK.framework/zh-Hans.lproj/GSSDK.strings
2025-09-12 16:40:58 +0000  copying file ./Payload/GSSDKSimpleDemo.app/Frameworks/GSSDK.framework/ja.lproj/Localizable.strings ... 
66 bytes for ./Payload/GSSDKSimpleDemo.app/Frameworks/GSSDK.framework/ja.lproj/Localizable.strings
copying file ./Payload/GSSDKSimpleDemo.app/Frameworks/GSSDK.framework/ja.lproj/GSSDK.stringsdict ... 
2025-09-12 16:40:58 +0000  369 bytes for ./Payload/GSSDKSimpleDemo.app/Frameworks/GSSDK.framework/ja.lproj/GSSDK.stringsdict
copying file ./Payload/GSSDKSimpleDemo.app/Frameworks/GSSDK.framework/ja.lproj/GSSDK.strings ... 
2025-09-12 16:40:58 +0000  2124 bytes for ./Payload/GSSDKSimpleDemo.app/Frameworks/GSSDK.framework/ja.lproj/GSSDK.strings
2025-09-12 16:40:58 +0000  copying file ./Payload/GSSDKSimpleDemo.app/Frameworks/GSSDK.framework/refineBorder.tflite ... 
2025-09-12 16:40:58 +0000  599840 bytes for ./Payload/GSSDKSimpleDemo.app/Frameworks/GSSDK.framework/refineBorder.tflite
copying file ./Payload/GSSDKSimpleDemo.app/Frameworks/GSSDK.framework/PhoneNumberKit_GSKPhoneNumberKit.bundle/PhoneNumberMetadata.json ... 
2025-09-12 16:40:58 +0000  360987 bytes for ./Payload/GSSDKSimpleDemo.app/Frameworks/GSSDK.framework/PhoneNumberKit_GSKPhoneNumberKit.bundle/PhoneNumberMetadata.json
copying file ./Payload/GSSDKSimpleDemo.app/Frameworks/GSSDK.framework/PhoneNumberKit_GSKPhoneNumberKit.bundle/PrivacyInfo.xcprivacy ... 
2025-09-12 16:40:58 +0000  372 bytes for ./Payload/GSSDKSimpleDemo.app/Frameworks/GSSDK.framework/PhoneNumberKit_GSKPhoneNumberKit.bundle/PrivacyInfo.xcprivacy
copying file ./Payload/GSSDKSimpleDemo.app/Frameworks/GSSDK.framework/PhoneNumberKit_GSKPhoneNumberKit.bundle/Info.plist ... 
858 bytes for ./Payload/GSSDKSimpleDemo.app/Frameworks/GSSDK.framework/PhoneNumberKit_GSKPhoneNumberKit.bundle/Info.plist
2025-09-12 16:40:58 +0000  copying file ./Payload/GSSDKSimpleDemo.app/Frameworks/GSSDK.framework/restaurant-keywords.txt ... 
201 bytes for ./Payload/GSSDKSimpleDemo.app/Frameworks/GSSDK.framework/restaurant-keywords.txt
2025-09-12 16:40:58 +0000  copying file ./Payload/GSSDKSimpleDemo.app/Frameworks/GSSDK.framework/en.lproj/Localizable.strings ... 
70 bytes for ./Payload/GSSDKSimpleDemo.app/Frameworks/GSSDK.framework/en.lproj/Localizable.strings
copying file ./Payload/GSSDKSimpleDemo.app/Frameworks/GSSDK.framework/en.lproj/GSSDK.stringsdict ... 
2025-09-12 16:40:58 +0000  410 bytes for ./Payload/GSSDKSimpleDemo.app/Frameworks/GSSDK.framework/en.lproj/GSSDK.stringsdict
copying file ./Payload/GSSDKSimpleDemo.app/Frameworks/GSSDK.framework/en.lproj/GSSDK.strings ... 
2025-09-12 16:40:58 +0000  2149 bytes for ./Payload/GSSDKSimpleDemo.app/Frameworks/GSSDK.framework/en.lproj/GSSDK.strings
copying file ./Payload/GSSDKSimpleDemo.app/Frameworks/GSSDK.framework/other-chains.txt ... 
2025-09-12 16:40:58 +0000  1924 bytes for ./Payload/GSSDKSimpleDemo.app/Frameworks/GSSDK.framework/other-chains.txt
copying file ./Payload/GSSDKSimpleDemo.app/Frameworks/GSSDK.framework/gas-stations.txt ... 
2025-09-12 16:40:58 +0000  2259 bytes for ./Payload/GSSDKSimpleDemo.app/Frameworks/GSSDK.framework/gas-stations.txt
2025-09-12 16:40:58 +0000  copying file ./Payload/GSSDKSimpleDemo.app/Frameworks/GSSDK.framework/es.lproj/Localizable.strings ... 
69 bytes for ./Payload/GSSDKSimpleDemo.app/Frameworks/GSSDK.framework/es.lproj/Localizable.strings
copying file ./Payload/GSSDKSimpleDemo.app/Frameworks/GSSDK.framework/es.lproj/GSSDK.stringsdict ... 
2025-09-12 16:40:58 +0000  493 bytes for ./Payload/GSSDKSimpleDemo.app/Frameworks/GSSDK.framework/es.lproj/GSSDK.stringsdict
copying file ./Payload/GSSDKSimpleDemo.app/Frameworks/GSSDK.framework/es.lproj/GSSDK.strings ... 
2025-09-12 16:40:58 +0000  2631 bytes for ./Payload/GSSDKSimpleDemo.app/Frameworks/GSSDK.framework/es.lproj/GSSDK.strings
2025-09-12 16:40:58 +0000  copying file ./Payload/GSSDKSimpleDemo.app/Frameworks/GSSDK.framework/da.lproj/Localizable.strings ... 
75 bytes for ./Payload/GSSDKSimpleDemo.app/Frameworks/GSSDK.framework/da.lproj/Localizable.strings
2025-09-12 16:40:58 +0000  copying file ./Payload/GSSDKSimpleDemo.app/Frameworks/GSSDK.framework/da.lproj/GSSDK.stringsdict ... 
439 bytes for ./Payload/GSSDKSimpleDemo.app/Frameworks/GSSDK.framework/da.lproj/GSSDK.stringsdict
2025-09-12 16:40:58 +0000  copying file ./Payload/GSSDKSimpleDemo.app/Frameworks/GSSDK.framework/da.lproj/GSSDK.strings ... 
2025-09-12 16:40:58 +0000  2504 bytes for ./Payload/GSSDKSimpleDemo.app/Frameworks/GSSDK.framework/da.lproj/GSSDK.strings
copying file ./Payload/GSSDKSimpleDemo.app/Frameworks/GSSDK.framework/it.lproj/Localizable.strings ... 
2025-09-12 16:40:58 +0000  74 bytes for ./Payload/GSSDKSimpleDemo.app/Frameworks/GSSDK.framework/it.lproj/Localizable.strings
copying file ./Payload/GSSDKSimpleDemo.app/Frameworks/GSSDK.framework/it.lproj/GSSDK.stringsdict ... 
425 bytes for ./Payload/GSSDKSimpleDemo.app/Frameworks/GSSDK.framework/it.lproj/GSSDK.stringsdict
2025-09-12 16:40:58 +0000  copying file ./Payload/GSSDKSimpleDemo.app/Frameworks/GSSDK.framework/it.lproj/GSSDK.strings ... 
2025-09-12 16:40:58 +0000  2408 bytes for ./Payload/GSSDKSimpleDemo.app/Frameworks/GSSDK.framework/it.lproj/GSSDK.strings
copying file ./Payload/GSSDKSimpleDemo.app/Frameworks/GSSDK.framework/ocr_languages.csv ... 
2025-09-12 16:40:58 +0000  5396 bytes for ./Payload/GSSDKSimpleDemo.app/Frameworks/GSSDK.framework/ocr_languages.csv
2025-09-12 16:40:58 +0000  copying file ./Payload/GSSDKSimpleDemo.app/Frameworks/GSSDK.framework/GSSDK ... 
2025-09-12 16:40:58 +0000  11736960 bytes for ./Payload/GSSDKSimpleDemo.app/Frameworks/GSSDK.framework/GSSDK
copying file ./Payload/GSSDKSimpleDemo.app/Frameworks/GSSDK.framework/gas-keywords.txt ... 
2025-09-12 16:40:58 +0000  85 bytes for ./Payload/GSSDKSimpleDemo.app/Frameworks/GSSDK.framework/gas-keywords.txt
copying file ./Payload/GSSDKSimpleDemo.app/Frameworks/GSSDK.framework/sv.lproj/Localizable.strings ... 
88 bytes for ./Payload/GSSDKSimpleDemo.app/Frameworks/GSSDK.framework/sv.lproj/Localizable.strings
copying file ./Payload/GSSDKSimpleDemo.app/Frameworks/GSSDK.framework/sv.lproj/GSSDK.stringsdict ... 
411 bytes for ./Payload/GSSDKSimpleDemo.app/Frameworks/GSSDK.framework/sv.lproj/GSSDK.stringsdict
copying file ./Payload/GSSDKSimpleDemo.app/Frameworks/GSSDK.framework/sv.lproj/GSSDK.strings ... 
2627 bytes for ./Payload/GSSDKSimpleDemo.app/Frameworks/GSSDK.framework/sv.lproj/GSSDK.strings
copying file ./Payload/GSSDKSimpleDemo.app/Frameworks/GSSDK.framework/restaurant-chains.txt ... 
5253 bytes for ./Payload/GSSDKSimpleDemo.app/Frameworks/GSSDK.framework/restaurant-chains.txt
copying file ./Payload/GSSDKSimpleDemo.app/Frameworks/GSSDK.framework/mobilenetV2_orientation_quant_opti.tflite ... 
2025-09-12 16:40:58 +0000  676368 bytes for ./Payload/GSSDKSimpleDemo.app/Frameworks/GSSDK.framework/mobilenetV2_orientation_quant_opti.tflite
2025-09-12 16:40:58 +0000  copying file ./Payload/GSSDKSimpleDemo.app/Frameworks/GSSDK.framework/ko.lproj/Localizable.strings ... 
66 bytes for ./Payload/GSSDKSimpleDemo.app/Frameworks/GSSDK.framework/ko.lproj/Localizable.strings
copying file ./Payload/GSSDKSimpleDemo.app/Frameworks/GSSDK.framework/ko.lproj/GSSDK.stringsdict ... 
373 bytes for ./Payload/GSSDKSimpleDemo.app/Frameworks/GSSDK.framework/ko.lproj/GSSDK.stringsdict
2025-09-12 16:40:58 +0000  copying file ./Payload/GSSDKSimpleDemo.app/Frameworks/GSSDK.framework/ko.lproj/GSSDK.strings ... 
2098 bytes for ./Payload/GSSDKSimpleDemo.app/Frameworks/GSSDK.framework/ko.lproj/GSSDK.strings
2025-09-12 16:40:58 +0000  copying file ./Payload/GSSDKSimpleDemo.app/Frameworks/GSSDK.framework/zh-Hant.lproj/Localizable.strings ... 
66 bytes for ./Payload/GSSDKSimpleDemo.app/Frameworks/GSSDK.framework/zh-Hant.lproj/Localizable.strings
copying file ./Payload/GSSDKSimpleDemo.app/Frameworks/GSSDK.framework/zh-Hant.lproj/GSSDK.stringsdict ... 
2025-09-12 16:40:58 +0000  357 bytes for ./Payload/GSSDKSimpleDemo.app/Frameworks/GSSDK.framework/zh-Hant.lproj/GSSDK.stringsdict
copying file ./Payload/GSSDKSimpleDemo.app/Frameworks/GSSDK.framework/zh-Hant.lproj/GSSDK.strings ... 
1880 bytes for ./Payload/GSSDKSimpleDemo.app/Frameworks/GSSDK.framework/zh-Hant.lproj/GSSDK.strings
2025-09-12 16:40:58 +0000  copying file ./Payload/GSSDKSimpleDemo.app/Frameworks/GSSDK.framework/head_classif.tflite ... 
2025-09-12 16:40:58 +0000  170384 bytes for ./Payload/GSSDKSimpleDemo.app/Frameworks/GSSDK.framework/head_classif.tflite
copying file ./Payload/GSSDKSimpleDemo.app/Frameworks/GSSDK.framework/backbone.tflite ... 
2025-09-12 16:40:58 +0000  868056 bytes for ./Payload/GSSDKSimpleDemo.app/Frameworks/GSSDK.framework/backbone.tflite
2025-09-12 16:40:58 +0000  copying file ./Payload/GSSDKSimpleDemo.app/Frameworks/GSSDK.framework/hu.lproj/Localizable.strings ... 
84 bytes for ./Payload/GSSDKSimpleDemo.app/Frameworks/GSSDK.framework/hu.lproj/Localizable.strings
copying file ./Payload/GSSDKSimpleDemo.app/Frameworks/GSSDK.framework/hu.lproj/GSSDK.stringsdict ... 
409 bytes for ./Payload/GSSDKSimpleDemo.app/Frameworks/GSSDK.framework/hu.lproj/GSSDK.stringsdict
copying file ./Payload/GSSDKSimpleDemo.app/Frameworks/GSSDK.framework/hu.lproj/GSSDK.strings ... 
2025-09-12 16:40:58 +0000  2848 bytes for ./Payload/GSSDKSimpleDemo.app/Frameworks/GSSDK.framework/hu.lproj/GSSDK.strings
copying file ./Payload/GSSDKSimpleDemo.app/Frameworks/GSSDK.framework/Assets.car ... 
2025-09-12 16:40:58 +0000  45919 bytes for ./Payload/GSSDKSimpleDemo.app/Frameworks/GSSDK.framework/Assets.car
copying file ./Payload/GSSDKSimpleDemo.app/Frameworks/GSSDK.framework/tr.lproj/Localizable.strings ... 
2025-09-12 16:40:58 +0000  69 bytes for ./Payload/GSSDKSimpleDemo.app/Frameworks/GSSDK.framework/tr.lproj/Localizable.strings
copying file ./Payload/GSSDKSimpleDemo.app/Frameworks/GSSDK.framework/tr.lproj/GSSDK.stringsdict ... 
419 bytes for ./Payload/GSSDKSimpleDemo.app/Frameworks/GSSDK.framework/tr.lproj/GSSDK.stringsdict
copying file ./Payload/GSSDKSimpleDemo.app/Frameworks/GSSDK.framework/tr.lproj/GSSDK.strings ... 
2025-09-12 16:40:58 +0000  2653 bytes for ./Payload/GSSDKSimpleDemo.app/Frameworks/GSSDK.framework/tr.lproj/GSSDK.strings
2025-09-12 16:40:58 +0000  copying file ./Payload/GSSDKSimpleDemo.app/Frameworks/GSSDK.framework/pl.lproj/Localizable.strings ... 
72 bytes for ./Payload/GSSDKSimpleDemo.app/Frameworks/GSSDK.framework/pl.lproj/Localizable.strings
copying file ./Payload/GSSDKSimpleDemo.app/Frameworks/GSSDK.framework/pl.lproj/GSSDK.stringsdict ... 
2025-09-12 16:40:58 +0000  521 bytes for ./Payload/GSSDKSimpleDemo.app/Frameworks/GSSDK.framework/pl.lproj/GSSDK.stringsdict
copying file ./Payload/GSSDKSimpleDemo.app/Frameworks/GSSDK.framework/pl.lproj/GSSDK.strings ... 
2576 bytes for ./Payload/GSSDKSimpleDemo.app/Frameworks/GSSDK.framework/pl.lproj/GSSDK.strings
copying file ./Payload/GSSDKSimpleDemo.app/Frameworks/GSSDK.framework/transport-keywords.txt ... 
16 bytes for ./Payload/GSSDKSimpleDemo.app/Frameworks/GSSDK.framework/transport-keywords.txt
copying file ./Payload/GSSDKSimpleDemo.app/Frameworks/GSSDK.framework/pt-BR.lproj/Localizable.strings ... 
2025-09-12 16:40:58 +0000  69 bytes for ./Payload/GSSDKSimpleDemo.app/Frameworks/GSSDK.framework/pt-BR.lproj/Localizable.strings
copying file ./Payload/GSSDKSimpleDemo.app/Frameworks/GSSDK.framework/pt-BR.lproj/GSSDK.stringsdict ... 
461 bytes for ./Payload/GSSDKSimpleDemo.app/Frameworks/GSSDK.framework/pt-BR.lproj/GSSDK.stringsdict
copying file ./Payload/GSSDKSimpleDemo.app/Frameworks/GSSDK.framework/pt-BR.lproj/GSSDK.strings ... 
2025-09-12 16:40:58 +0000  2681 bytes for ./Payload/GSSDKSimpleDemo.app/Frameworks/GSSDK.framework/pt-BR.lproj/GSSDK.strings
copying file ./Payload/GSSDKSimpleDemo.app/Frameworks/GSSDK.framework/vi.lproj/Localizable.strings ... 
2025-09-12 16:40:58 +0000  76 bytes for ./Payload/GSSDKSimpleDemo.app/Frameworks/GSSDK.framework/vi.lproj/Localizable.strings
copying file ./Payload/GSSDKSimpleDemo.app/Frameworks/GSSDK.framework/vi.lproj/GSSDK.stringsdict ... 
377 bytes for ./Payload/GSSDKSimpleDemo.app/Frameworks/GSSDK.framework/vi.lproj/GSSDK.stringsdict
copying file ./Payload/GSSDKSimpleDemo.app/Frameworks/GSSDK.framework/vi.lproj/GSSDK.strings ... 
2025-09-12 16:40:58 +0000  2783 bytes for ./Payload/GSSDKSimpleDemo.app/Frameworks/GSSDK.framework/vi.lproj/GSSDK.strings
copying file ./Payload/GSSDKSimpleDemo.app/Frameworks/GSSDK.framework/documentFinder.tflite ... 
2025-09-12 16:40:58 +0000  546568 bytes for ./Payload/GSSDKSimpleDemo.app/Frameworks/GSSDK.framework/documentFinder.tflite
copying file ./Payload/GSSDKSimpleDemo.app/Frameworks/GSSDK.framework/accommodation-keywords.txt ... 
2025-09-12 16:40:58 +0000  25 bytes for ./Payload/GSSDKSimpleDemo.app/Frameworks/GSSDK.framework/accommodation-keywords.txt
copying file ./Payload/GSSDKSimpleDemo.app/Frameworks/GSSDK.framework/PrivacyInfo.xcprivacy ... 
501 bytes for ./Payload/GSSDKSimpleDemo.app/Frameworks/GSSDK.framework/PrivacyInfo.xcprivacy
2025-09-12 16:40:58 +0000  copying file ./Payload/GSSDKSimpleDemo.app/Frameworks/GSSDK.framework/ru.lproj/Localizable.strings ... 
80 bytes for ./Payload/GSSDKSimpleDemo.app/Frameworks/GSSDK.framework/ru.lproj/Localizable.strings
copying file ./Payload/GSSDKSimpleDemo.app/Frameworks/GSSDK.framework/ru.lproj/GSSDK.stringsdict ... 
2025-09-12 16:40:58 +0000  534 bytes for ./Payload/GSSDKSimpleDemo.app/Frameworks/GSSDK.framework/ru.lproj/GSSDK.stringsdict
copying file ./Payload/GSSDKSimpleDemo.app/Frameworks/GSSDK.framework/ru.lproj/GSSDK.strings ... 
2025-09-12 16:40:58 +0000  3015 bytes for ./Payload/GSSDKSimpleDemo.app/Frameworks/GSSDK.framework/ru.lproj/GSSDK.strings
copying file ./Payload/GSSDKSimpleDemo.app/Frameworks/GSSDK.framework/confusables.json ... 
2025-09-12 16:40:58 +0000  42906 bytes for ./Payload/GSSDKSimpleDemo.app/Frameworks/GSSDK.framework/confusables.json
copying file ./Payload/GSSDKSimpleDemo.app/Frameworks/GSSDK.framework/fr.lproj/Localizable.strings ... 
2025-09-12 16:40:58 +0000  78 bytes for ./Payload/GSSDKSimpleDemo.app/Frameworks/GSSDK.framework/fr.lproj/Localizable.strings
copying file ./Payload/GSSDKSimpleDemo.app/Frameworks/GSSDK.framework/fr.lproj/GSSDK.stringsdict ... 
447 bytes for ./Payload/GSSDKSimpleDemo.app/Frameworks/GSSDK.framework/fr.lproj/GSSDK.stringsdict
copying file ./Payload/GSSDKSimpleDemo.app/Frameworks/GSSDK.framework/fr.lproj/GSSDK.strings ... 
2025-09-12 16:40:58 +0000  2796 bytes for ./Payload/GSSDKSimpleDemo.app/Frameworks/GSSDK.framework/fr.lproj/GSSDK.strings
2025-09-12 16:40:58 +0000  copying file ./Payload/GSSDKSimpleDemo.app/Frameworks/GSSDK.framework/id.lproj/Localizable.strings ... 
72 bytes for ./Payload/GSSDKSimpleDemo.app/Frameworks/GSSDK.framework/id.lproj/Localizable.strings
copying file ./Payload/GSSDKSimpleDemo.app/Frameworks/GSSDK.framework/id.lproj/GSSDK.stringsdict ... 
2025-09-12 16:40:58 +0000  358 bytes for ./Payload/GSSDKSimpleDemo.app/Frameworks/GSSDK.framework/id.lproj/GSSDK.stringsdict
copying file ./Payload/GSSDKSimpleDemo.app/Frameworks/GSSDK.framework/id.lproj/GSSDK.strings ... 
2208 bytes for ./Payload/GSSDKSimpleDemo.app/Frameworks/GSSDK.framework/id.lproj/GSSDK.strings
copying file ./Payload/GSSDKSimpleDemo.app/Frameworks/GSSDK.framework/nl.lproj/Localizable.strings ... 
74 bytes for ./Payload/GSSDKSimpleDemo.app/Frameworks/GSSDK.framework/nl.lproj/Localizable.strings
copying file ./Payload/GSSDKSimpleDemo.app/Frameworks/GSSDK.framework/nl.lproj/GSSDK.stringsdict ... 
2025-09-12 16:40:58 +0000  440 bytes for ./Payload/GSSDKSimpleDemo.app/Frameworks/GSSDK.framework/nl.lproj/GSSDK.stringsdict
copying file ./Payload/GSSDKSimpleDemo.app/Frameworks/GSSDK.framework/nl.lproj/GSSDK.strings ... 
2240 bytes for ./Payload/GSSDKSimpleDemo.app/Frameworks/GSSDK.framework/nl.lproj/GSSDK.strings
copying file ./Payload/GSSDKSimpleDemo.app/Frameworks/GSSDK.framework/iban-patterns.csv ... 
2025-09-12 16:40:58 +0000  4389 bytes for ./Payload/GSSDKSimpleDemo.app/Frameworks/GSSDK.framework/iban-patterns.csv
2025-09-12 16:40:58 +0000  copying file ./Payload/GSSDKSimpleDemo.app/Frameworks/GSSDK.framework/Info.plist ... 
770 bytes for ./Payload/GSSDKSimpleDemo.app/Frameworks/GSSDK.framework/Info.plist
copying file ./Payload/GSSDKSimpleDemo.app/Frameworks/GSSDK.framework/supermarket-keywords.txt ... 
161 bytes for ./Payload/GSSDKSimpleDemo.app/Frameworks/GSSDK.framework/supermarket-keywords.txt
2025-09-12 16:40:58 +0000  copying file ./Payload/GSSDKSimpleDemo.app/Frameworks/GSSDK.framework/AdobeRGB1998.icc ... 
676 bytes for ./Payload/GSSDKSimpleDemo.app/Frameworks/GSSDK.framework/AdobeRGB1998.icc
copying file ./Payload/GSSDKSimpleDemo.app/Frameworks/GSSDK.framework/supermarket-chains.txt ... 
2025-09-12 16:40:58 +0000  6853 bytes for ./Payload/GSSDKSimpleDemo.app/Frameworks/GSSDK.framework/supermarket-chains.txt
copying file ./Payload/GSSDKSimpleDemo.app/image-2.jpg ... 
2025-09-12 16:40:58 +0000  3096410 bytes for ./Payload/GSSDKSimpleDemo.app/image-2.jpg
2025-09-12 16:40:58 +0000  copying file ./Payload/GSSDKSimpleDemo.app/pt-PT.lproj/Localizable.strings ... 
42 bytes for ./Payload/GSSDKSimpleDemo.app/pt-PT.lproj/Localizable.strings
copying file ./Payload/GSSDKSimpleDemo.app/embedded.mobileprovision ... 
12274 bytes for ./Payload/GSSDKSimpleDemo.app/embedded.mobileprovision
copying file ./Payload/GSSDKSimpleDemo.app/GSSDKSimpleDemo ... 
2025-09-12 16:40:58 +0000  292928 bytes for ./Payload/GSSDKSimpleDemo.app/GSSDKSimpleDemo
copying file ./Payload/GSSDKSimpleDemo.app/Info.plist ... 
2025-09-12 16:40:58 +0000  1680 bytes for ./Payload/GSSDKSimpleDemo.app/Info.plist
copying file ./Payload/GSSDKSimpleDemo.app/image.jpg ... 
2025-09-12 16:40:58 +0000  379011 bytes for ./Payload/GSSDKSimpleDemo.app/image.jpg
copying file ./Payload/GSSDKSimpleDemo.app/PkgInfo ... 
2025-09-12 16:40:58 +0000  8 bytes for ./Payload/GSSDKSimpleDemo.app/PkgInfo
copying file ./Symbols/88BD0429-4A60-3DEA-8C91-F4BF729FDCBA.symbols ... 
2025-09-12 16:40:58 +0000  4472644 bytes for ./Symbols/88BD0429-4A60-3DEA-8C91-F4BF729FDCBA.symbols
copying file ./Symbols/CB01DF12-C0FE-3BAB-BECE-22524911AD22.symbols ... 
2025-09-12 16:40:58 +0000  374636 bytes for ./Symbols/CB01DF12-C0FE-3BAB-BECE-22524911AD22.symbols
2025-09-12 16:40:58 +0000 [MT] /usr/bin/ditto exited with 0
2025-09-12 16:40:58 +0000 [MT] Processing step: IDEDistributionAppStoreInformationStep
2025-09-12 16:40:58 +0000 [MT] Skipping step: IDEDistributionAppStoreInformationStep because it said so
2025-09-12 16:40:58 +0000 [MT] Processing step: IDEDistributionGenerateProcessedDistributionItems
2025-09-12 16:40:58 +0000 [MT] IDEDistributionItem init <DVTFilePath:0x600002955020:'/var/folders/vg/ldc8ffjj6ssdmh4txpd6tlf40000gn/T/XcodeDistPipeline.~~~Us9uh1/Root/Payload/GSSDKSimpleDemo.app/Frameworks/GSSDK.framework'>
2025-09-12 16:40:58 +0000 [MT] IDEDistributionItem init <DVTFilePath:0x600002640380:'/var/folders/vg/ldc8ffjj6ssdmh4txpd6tlf40000gn/T/XcodeDistPipeline.~~~Us9uh1/Root/Payload/GSSDKSimpleDemo.app'>
2025-09-12 16:40:58 +0000 [MT] Processing step: IDEDistributionCreateManifestStep
2025-09-12 16:40:58 +0000 [MT] Skipping step: IDEDistributionCreateManifestStep because it said so
